/Users/edoardo/Desktop/divinaCommedia.txt
SHA256
b387349ea0f58a195abe3d651d86e344792db759775524bd247071ca71efd1af
/Users/edoardo/Desktop/divinaCommedia.txt
SHA224
da2ad1f514437ead762430ca6bc119937259371ee36021502514bd25
/Users/edoardo/Desktop/divinaCommedia.txt
SHA384
c17bf4c8dfb0f58292d5f848f3dd43960d2035c3bccd7a47e4b992096ed39ab34988c7ea873a8ec9caa890cb20c8d95b
/Users/edoardo/Desktop/divinaCommedia.txt
SHA512
ea015ed44712e3c8081febe4c576d90dcf4c3c98bd2012c7ed471d595485b68ccaab78f4d073f3271a6204c2c937bf66bcf5174b381f116ea94a33413197cd86
/Users/edoardo/Desktop/divinaCommedia.txt
SHA1
a7e71f60d0a64077bd1bec7ed069e3a07739bb78
/Users/edoardo/Desktop/memorabile.txt
SHA1
aac94bc7e9d2661b8e52b22c376d3e43bc5326d3
/Users/edoardo/Desktop/abc.txt
SHA1
a9993e364706816aba3e25717850c26c9cd0d89d
/Users/edoardo/Desktop/test.py
SHA1
2b544ef4b692e571a7328516adb429bce0303d75
/Users/edoardo/Desktop/memorabile.txt
SHA224
3bcbc6adc89dc24b955a08d779196015e3c0d8635320162cbc8f7bd9
/Users/edoardo/Desktop/memorabile.txt
SHA256
06206b3005859207226ae7c3b80fb8c682cb70625877f5c0ab822ba97cd5ba25
/Users/edoardo/Desktop/memorabile.txt
SHA512
beec63065f24db87a0bccdd0cc75000801e49706a9b706deb7f92e90a842054539a86635f5987c076beecc4601a23111b15c861b91797f8e6b6c504716ee0642
/Users/edoardo/Desktop/memorabile.txt
SHA384
327a3fd14a8ccd13da3b537f825e7e89cb1c0c8568ce08f9a6884a0054543f98258587fdab6c5f6dc0e459449d25dd80
/Users/edoardo/Desktop/abc.txt
SHA256
ba7816bf8f01cfea414140de5dae2223b00361a396177a9cb410ff61f20015ad
